<?xml version="1.0" encoding="UTF-8"?>
<!-- Generated by org.testng.reporters.JUnitReportReporter -->
<testsuite hostname="LOGES-NAVIIN" failures="0" tests="1" name="runnerClass.RunnerIO" time="37.439" errors="0" timestamp="2023-10-25T11:25:08 IST" skipped="0">
  <testcase classname="runnerClass.RunnerIO" name="runScenario" time="37.439"/>
</testsuite> <!-- runnerClass.RunnerIO -->
